2024-01-28 21:01:670 INFO  TestBase :29 - Sending GET request....
2024-01-28 21:01:895 INFO  TestBase :36 - Verifying response status code and that response body is not empty....
2024-01-28 21:01:63 INFO  TestBase :43 - Sending GET request with currency value....
2024-01-28 21:01:276 INFO  TestBase :49 - Verifying response body has same currency as request....
2024-01-28 21:01:762 INFO  TestBase :43 - Sending GET request with currency value....
2024-01-28 21:01:988 INFO  TestBase :49 - Verifying response body has same currency as request....
2024-01-28 21:01:20 INFO  TestBase :43 - Sending GET request with currency value....
2024-01-28 21:01:207 INFO  TestBase :49 - Verifying response body has same currency as request....
2024-01-28 21:01:237 INFO  TestBase :29 - Sending GET request....
2024-01-28 21:01:417 INFO  TestBase :56 - Verifying the id is associated with correct name....
2024-01-28 21:01:348 INFO  TestBase :29 - Sending GET request....
2024-01-28 21:01:529 INFO  TestBase :56 - Verifying the id is associated with correct name....
2024-01-28 21:01:597 INFO  TestBase :29 - Sending GET request....
2024-01-28 21:01:770 INFO  TestBase :56 - Verifying the id is associated with correct name....
2024-01-28 21:01:823 INFO  TestBase :29 - Sending GET request....
2024-01-28 21:01:80 INFO  TestBase :56 - Verifying the id is associated with correct name....
2024-01-28 21:01:142 INFO  TestBase :29 - Sending GET request....
2024-01-28 21:01:330 INFO  TestBase :56 - Verifying the id is associated with correct name....
2024-01-28 21:01:403 INFO  TestBase :29 - Sending GET request....
2024-01-28 21:01:573 INFO  TestBase :56 - Verifying the id is associated with correct name....
2024-01-28 21:01:618 INFO  TestBase :29 - Sending GET request....
2024-01-28 21:01:779 INFO  TestBase :56 - Verifying the id is associated with correct name....
2024-01-28 21:01:794 INFO  TestBase :29 - Sending GET request....
2024-01-28 21:01:188 INFO  TestBase :36 - Verifying response status code and that response body is not empty....
2024-01-28 21:01:370 INFO  TestBase :43 - Sending GET request with currency value....
2024-01-28 21:01:586 INFO  TestBase :49 - Verifying response body has same currency as request....
2024-01-28 21:01:268 INFO  TestBase :43 - Sending GET request with currency value....
2024-01-28 21:01:466 INFO  TestBase :49 - Verifying response body has same currency as request....
2024-01-28 21:01:514 INFO  TestBase :43 - Sending GET request with currency value....
2024-01-28 21:01:699 INFO  TestBase :49 - Verifying response body has same currency as request....
2024-01-28 21:01:751 INFO  TestBase :29 - Sending GET request....
2024-01-28 21:01:947 INFO  TestBase :56 - Verifying the id is associated with correct name....
2024-01-28 21:01:908 INFO  TestBase :29 - Sending GET request....
2024-01-28 21:01:110 INFO  TestBase :56 - Verifying the id is associated with correct name....
2024-01-28 21:01:175 INFO  TestBase :29 - Sending GET request....
2024-01-28 21:01:350 INFO  TestBase :56 - Verifying the id is associated with correct name....
2024-01-28 21:01:430 INFO  TestBase :29 - Sending GET request....
2024-01-28 21:01:604 INFO  TestBase :56 - Verifying the id is associated with correct name....
2024-01-28 21:01:687 INFO  TestBase :29 - Sending GET request....
2024-01-28 21:01:866 INFO  TestBase :56 - Verifying the id is associated with correct name....
2024-01-28 21:01:923 INFO  TestBase :29 - Sending GET request....
2024-01-28 21:01:86 INFO  TestBase :56 - Verifying the id is associated with correct name....
2024-01-28 21:01:132 INFO  TestBase :29 - Sending GET request....
2024-01-28 21:01:332 INFO  TestBase :56 - Verifying the id is associated with correct name....
2024-01-28 21:01:585 INFO  TestBase :29 - Sending GET request....
2024-01-28 21:01:888 INFO  TestBase :36 - Verifying response status code and that response body is not empty....
2024-01-28 21:01:689 INFO  TestBase :29 - Sending GET request....
2024-01-28 21:01:567 INFO  TestBase :36 - Verifying response status code and that response body is not empty....
2024-01-28 21:01:753 INFO  TestBase :43 - Sending GET request with currency value....
2024-01-28 21:01:941 INFO  TestBase :49 - Verifying response body has same currency as request....
2024-01-28 21:01:465 INFO  TestBase :43 - Sending GET request with currency value....
2024-01-28 21:01:656 INFO  TestBase :49 - Verifying response body has same currency as request....
2024-01-28 21:01:709 INFO  TestBase :43 - Sending GET request with currency value....
2024-01-28 21:01:902 INFO  TestBase :49 - Verifying response body has same currency as request....
2024-01-28 21:01:944 INFO  TestBase :29 - Sending GET request....
2024-01-28 21:01:129 INFO  TestBase :56 - Verifying the id is associated with correct name....
2024-01-28 21:01:975 INFO  TestBase :29 - Sending GET request....
2024-01-28 21:01:169 INFO  TestBase :56 - Verifying the id is associated with correct name....
2024-01-28 21:01:235 INFO  TestBase :29 - Sending GET request....
2024-01-28 21:01:406 INFO  TestBase :56 - Verifying the id is associated with correct name....
2024-01-28 21:01:483 INFO  TestBase :29 - Sending GET request....
2024-01-28 21:01:681 INFO  TestBase :56 - Verifying the id is associated with correct name....
2024-01-28 21:01:735 INFO  TestBase :29 - Sending GET request....
2024-01-28 21:01:933 INFO  TestBase :56 - Verifying the id is associated with correct name....
2024-01-28 21:01:994 INFO  TestBase :29 - Sending GET request....
2024-01-28 21:01:175 INFO  TestBase :56 - Verifying the id is associated with correct name....
2024-01-28 21:01:249 INFO  TestBase :29 - Sending GET request....
2024-01-28 21:01:559 INFO  TestBase :56 - Verifying the id is associated with correct name....
2024-01-28 21:01:797 INFO  TestBase :29 - Sending GET request....
2024-01-28 21:01:999 INFO  TestBase :36 - Verifying response status code and that response body is not empty....
